00:37:48.608 [background-preinit] INFO  o.h.validator.internal.util.Version - HV000001: Hibernate Validator 8.0.1.Final
00:37:50.134 [main] INFO  o.s.d.r.c.RepositoryConfigurationDelegate - Bootstrapping Spring Data JPA repositories in DEFAULT mode.
00:37:50.266 [main] INFO  o.s.d.r.c.RepositoryConfigurationDelegate - Finished Spring Data repository scanning in 121 ms. Found 16 JPA repository interfaces.
00:37:51.492 [main] INFO  o.s.b.w.e.tomcat.TomcatWebServer - Tomcat initialized with port(s): 8080 (http)
00:37:51.502 [main] INFO  o.a.coyote.http11.Http11NioProtocol - Initializing ProtocolHandler ["http-nio-8080"]
00:37:51.506 [main] INFO  o.a.catalina.core.StandardService - Starting service [Tomcat]
00:37:51.506 [main] INFO  o.a.catalina.core.StandardEngine - Starting Servlet engine: [Apache Tomcat/10.1.12]
00:37:51.733 [main] INFO  o.a.c.c.C.[Tomcat].[localhost].[/] - Initializing Spring embedded WebApplicationContext
00:37:51.734 [main] INFO  o.s.b.w.s.c.ServletWebServerApplicationContext - Root WebApplicationContext: initialization completed in 2928 ms
00:37:52.143 [main] INFO  o.h.jpa.internal.util.LogHelper - HHH000204: Processing PersistenceUnitInfo [name: default]
00:37:52.462 [main] INFO  org.hibernate.Version - HHH000412: Hibernate ORM core version 6.2.7.Final
00:37:52.478 [main] INFO  org.hibernate.cfg.Environment - HHH000406: Using bytecode reflection optimizer
00:37:53.666 [main] INFO  o.h.b.i.BytecodeProviderInitiator - HHH000021: Bytecode provider name : bytebuddy
00:37:54.497 [main] INFO  o.s.o.j.p.SpringPersistenceUnitInfo - No LoadTimeWeaver setup: ignoring JPA class transformer
00:37:54.656 [main] INFO  com.zaxxer.hikari.HikariDataSource - HikariPool-1 - Starting...
00:37:55.068 [main] INFO  com.zaxxer.hikari.pool.HikariPool - HikariPool-1 - Added connection org.postgresql.jdbc.PgConnection@7c7ed72a
00:37:55.070 [main] INFO  com.zaxxer.hikari.HikariDataSource - HikariPool-1 - Start completed.
00:37:56.346 [main] INFO  o.h.b.i.BytecodeProviderInitiator - HHH000021: Bytecode provider name : bytebuddy
00:37:57.771 [main] INFO  o.h.e.t.j.p.i.JtaPlatformInitiator - HHH000490: Using JtaPlatform implementation: [org.hibernate.engine.transaction.jta.platform.internal.NoJtaPlatform]
00:37:58.222 [main] INFO  o.s.o.j.LocalContainerEntityManagerFactoryBean - Initialized JPA EntityManagerFactory for persistence unit 'default'
00:37:59.738 [main] WARN  o.s.b.a.o.j.JpaBaseConfiguration$JpaWebConfiguration - spring.jpa.open-in-view is enabled by default. Therefore, database queries may be performed during view rendering. Explicitly configure spring.jpa.open-in-view to disable this warning
00:38:00.540 [main] INFO  o.s.s.web.DefaultSecurityFilterChain - Will secure any request with [org.springframework.security.web.session.DisableEncodeUrlFilter@a1c4f69, org.springframework.security.web.context.request.async.WebAsyncManagerIntegrationFilter@7a285418, org.springframework.security.web.context.SecurityContextHolderFilter@2c8f7d6a, org.springframework.security.web.header.HeaderWriterFilter@1df83569, org.springframework.web.filter.CorsFilter@79e33802, org.springframework.security.web.authentication.logout.LogoutFilter@65fa1cd, pe.edu.upc.MonolithFoodApplication.filters.JwtAuthenticationFilter@1a67bde5, org.springframework.security.web.savedrequest.RequestCacheAwareFilter@98a0842, org.springframework.security.web.servletapi.SecurityContextHolderAwareRequestFilter@56f569e, org.springframework.security.web.authentication.AnonymousAuthenticationFilter@74471600, org.springframework.security.web.session.SessionManagementFilter@12f933c7, org.springframework.security.web.access.ExceptionTranslationFilter@623be2a0, org.springframework.security.web.access.intercept.AuthorizationFilter@49b73e6c]
00:38:01.259 [main] INFO  o.s.d.j.r.query.QueryEnhancerFactory - Hibernate is in classpath; If applicable, HQL parser will be used.
00:38:02.694 [main] INFO  o.a.coyote.http11.Http11NioProtocol - Starting ProtocolHandler ["http-nio-8080"]
00:38:02.751 [main] INFO  o.s.b.w.e.tomcat.TomcatWebServer - Tomcat started on port(s): 8080 (http) with context path ''
00:38:25.162 [http-nio-8080-exec-2] INFO  o.a.c.c.C.[Tomcat].[localhost].[/] - Initializing Spring DispatcherServlet 'dispatcherServlet'
00:38:25.162 [http-nio-8080-exec-2] INFO  o.s.web.servlet.DispatcherServlet - Initializing Servlet 'dispatcherServlet'
00:38:25.165 [http-nio-8080-exec-2] INFO  o.s.web.servlet.DispatcherServlet - Completed initialization in 3 ms
19:17:40.099 [background-preinit] INFO  o.h.validator.internal.util.Version - HV000001: Hibernate Validator 8.0.1.Final
19:17:41.245 [main] INFO  o.s.d.r.c.RepositoryConfigurationDelegate - Bootstrapping Spring Data JPA repositories in DEFAULT mode.
19:17:41.361 [main] INFO  o.s.d.r.c.RepositoryConfigurationDelegate - Finished Spring Data repository scanning in 107 ms. Found 16 JPA repository interfaces.
19:17:42.311 [main] INFO  o.s.b.w.e.tomcat.TomcatWebServer - Tomcat initialized with port(s): 8080 (http)
19:17:42.316 [main] INFO  o.a.coyote.http11.Http11NioProtocol - Initializing ProtocolHandler ["http-nio-8080"]
19:17:42.324 [main] INFO  o.a.catalina.core.StandardService - Starting service [Tomcat]
19:17:42.324 [main] INFO  o.a.catalina.core.StandardEngine - Starting Servlet engine: [Apache Tomcat/10.1.12]
19:17:42.480 [main] INFO  o.a.c.c.C.[Tomcat].[localhost].[/] - Initializing Spring embedded WebApplicationContext
19:17:42.480 [main] INFO  o.s.b.w.s.c.ServletWebServerApplicationContext - Root WebApplicationContext: initialization completed in 2257 ms
19:17:42.693 [main] INFO  o.h.jpa.internal.util.LogHelper - HHH000204: Processing PersistenceUnitInfo [name: default]
19:17:42.775 [main] INFO  org.hibernate.Version - HHH000412: Hibernate ORM core version 6.2.7.Final
19:17:42.775 [main] INFO  org.hibernate.cfg.Environment - HHH000406: Using bytecode reflection optimizer
19:17:42.977 [main] INFO  o.h.b.i.BytecodeProviderInitiator - HHH000021: Bytecode provider name : bytebuddy
19:17:43.116 [main] INFO  o.s.o.j.p.SpringPersistenceUnitInfo - No LoadTimeWeaver setup: ignoring JPA class transformer
19:17:43.132 [main] INFO  com.zaxxer.hikari.HikariDataSource - HikariPool-1 - Starting...
19:17:43.365 [main] INFO  com.zaxxer.hikari.pool.HikariPool - HikariPool-1 - Added connection org.postgresql.jdbc.PgConnection@2a1e57c6
19:17:43.365 [main] INFO  com.zaxxer.hikari.HikariDataSource - HikariPool-1 - Start completed.
19:17:43.847 [main] INFO  o.h.b.i.BytecodeProviderInitiator - HHH000021: Bytecode provider name : bytebuddy
19:17:44.851 [main] INFO  o.h.e.t.j.p.i.JtaPlatformInitiator - HHH000490: Using JtaPlatform implementation: [org.hibernate.engine.transaction.jta.platform.internal.NoJtaPlatform]
19:17:45.178 [main] INFO  o.s.o.j.LocalContainerEntityManagerFactoryBean - Initialized JPA EntityManagerFactory for persistence unit 'default'
19:17:45.838 [main] WARN  o.s.b.a.o.j.JpaBaseConfiguration$JpaWebConfiguration - spring.jpa.open-in-view is enabled by default. Therefore, database queries may be performed during view rendering. Explicitly configure spring.jpa.open-in-view to disable this warning
19:17:46.156 [main] INFO  o.s.s.web.DefaultSecurityFilterChain - Will secure any request with [org.springframework.security.web.session.DisableEncodeUrlFilter@1e6cd1c, org.springframework.security.web.context.request.async.WebAsyncManagerIntegrationFilter@1dab2cf5, org.springframework.security.web.context.SecurityContextHolderFilter@ab595e8, org.springframework.security.web.header.HeaderWriterFilter@32f8a37b, org.springframework.web.filter.CorsFilter@19f9287a, org.springframework.security.web.authentication.logout.LogoutFilter@321302bc, pe.edu.upc.MonolithFoodApplication.filters.JwtAuthenticationFilter@54816d7a, org.springframework.security.web.savedrequest.RequestCacheAwareFilter@623be2a0, org.springframework.security.web.servletapi.SecurityContextHolderAwareRequestFilter@3b44ed3c, org.springframework.security.web.authentication.AnonymousAuthenticationFilter@4924ad09, org.springframework.security.web.session.SessionManagementFilter@21b792c2, org.springframework.security.web.access.ExceptionTranslationFilter@408bb173, org.springframework.security.web.access.intercept.AuthorizationFilter@8929865]
19:17:46.296 [main] INFO  o.s.d.j.r.query.QueryEnhancerFactory - Hibernate is in classpath; If applicable, HQL parser will be used.
19:17:47.064 [main] INFO  o.a.coyote.http11.Http11NioProtocol - Starting ProtocolHandler ["http-nio-8080"]
19:17:47.077 [main] INFO  o.s.b.w.e.tomcat.TomcatWebServer - Tomcat started on port(s): 8080 (http) with context path ''
19:18:55.857 [http-nio-8080-exec-3] INFO  o.a.c.c.C.[Tomcat].[localhost].[/] - Initializing Spring DispatcherServlet 'dispatcherServlet'
19:18:55.858 [http-nio-8080-exec-3] INFO  o.s.web.servlet.DispatcherServlet - Initializing Servlet 'dispatcherServlet'
19:18:55.860 [http-nio-8080-exec-3] INFO  o.s.web.servlet.DispatcherServlet - Completed initialization in 2 ms
19:19:35.688 [http-nio-8080-exec-2] WARN  o.s.w.s.m.s.DefaultHandlerExceptionResolver - Resolved [org.springframework.http.converter.HttpMessageNotReadableException: Required request body is missing: public org.springframework.http.ResponseEntity<?> pe.edu.upc.MonolithFoodApplication.controllers.UserController.setObjectives(java.lang.String,java.util.List<java.lang.String>)]
19:39:24.624 [HikariPool-1 housekeeper] WARN  com.zaxxer.hikari.pool.HikariPool - HikariPool-1 - Thread starvation or clock leap detected (housekeeper delta=1m10s779ms551µs900ns).
