17:45:04.999 [http-nio-8080-exec-1] ERROR p.e.u.M.f.JwtAuthenticationFilter - Entrando al bloque Exception: jakarta.servlet.ServletException
17:45:04.999 [http-nio-8080-exec-1] ERROR p.e.u.M.f.JwtAuthenticationFilter - Causa exacta: org.springframework.http.converter.HttpMessageConversionException: Type definition error: [simple type, class pe.edu.upc.MonolithFoodApplication.dtos.subscriptions.UserSubscriptionDTO]
17:45:33.617 [http-nio-8080-exec-4] ERROR p.e.u.M.f.JwtAuthenticationFilter - Entrando al bloque Exception: jakarta.servlet.ServletException
17:45:33.617 [http-nio-8080-exec-4] ERROR p.e.u.M.f.JwtAuthenticationFilter - Causa exacta: org.springframework.http.converter.HttpMessageConversionException: Type definition error: [simple type, class pe.edu.upc.MonolithFoodApplication.dtos.subscriptions.UserSubscriptionDTO]
17:47:07.351 [http-nio-8080-exec-6] ERROR p.e.u.M.f.JwtAuthenticationFilter - Entrando al bloque Exception: jakarta.servlet.ServletException
17:47:07.352 [http-nio-8080-exec-6] ERROR p.e.u.M.f.JwtAuthenticationFilter - Causa exacta: org.springframework.http.converter.HttpMessageConversionException: Type definition error: [simple type, class pe.edu.upc.MonolithFoodApplication.dtos.subscriptions.UserSubscriptionDTO]
17:52:05.069 [http-nio-8080-exec-4] INFO  p.e.u.M.services.SubscriptionService - El usuario kiridepapel ha comprado el plan de suscripción VIP
17:54:51.174 [http-nio-8080-exec-4] INFO  p.e.u.M.services.SubscriptionService - El usuario kiridepapel suspendió su plan de suscripción VIP correctamente.
17:56:48.924 [http-nio-8080-exec-5] INFO  p.e.u.M.services.SubscriptionService - El usuario kiridepapel ha comprado el plan de suscripción VIP
17:56:50.213 [http-nio-8080-exec-6] ERROR p.e.u.M.services.SubscriptionService - El usuario kiridepapel ya cuenta con el plan de suscripción elegido.
17:56:52.832 [http-nio-8080-exec-8] INFO  p.e.u.M.services.SubscriptionService - El usuario kiridepapel suspendió su plan de suscripción VIP correctamente.
17:56:54.435 [http-nio-8080-exec-9] ERROR p.e.u.M.services.SubscriptionService - El usuario kiridepapel no cuenta con el plan de suscripción elegido.
18:04:57.521 [http-nio-8080-exec-3] INFO  p.e.u.M.services.UserService - Alimento registrado correctamente para el usuario kiridepapel.
18:07:02.842 [http-nio-8080-exec-4] INFO  p.e.u.M.services.UserService - Alimento registrado correctamente para el usuario kiridepapel.
18:07:05.312 [http-nio-8080-exec-5] INFO  p.e.u.M.services.UserService - Alimento registrado correctamente para el usuario kiridepapel.
18:07:27.479 [http-nio-8080-exec-8] INFO  p.e.u.M.services.UserService - Alimento registrado correctamente para el usuario kiridepapel.
18:07:37.293 [http-nio-8080-exec-10] ERROR p.e.u.M.f.JwtAuthenticationFilter - Entrando al bloque Exception: io.jsonwebtoken.ExpiredJwtException
18:07:37.293 [http-nio-8080-exec-10] ERROR p.e.u.M.f.JwtAuthenticationFilter - Causa exacta: null
18:07:42.806 [http-nio-8080-exec-2] ERROR p.e.u.M.services.UserService - Registro de ingesta no encontrado.
18:07:54.396 [http-nio-8080-exec-1] ERROR p.e.u.M.services.UserService - Registro de ingesta no encontrado.
18:07:57.570 [http-nio-8080-exec-3] ERROR p.e.u.M.services.UserService - No tiene permisos para actualizar este registro.
18:08:01.064 [http-nio-8080-exec-4] INFO  p.e.u.M.services.UserService - Registro de ingesta actualizado correctamente para el usuario kiridepapel.
18:08:26.963 [http-nio-8080-exec-6] INFO  p.e.u.M.services.UserService - Registro de ingesta actualizado correctamente para el usuario kiridepapel.
18:08:37.421 [http-nio-8080-exec-8] ERROR p.e.u.M.services.UserService - No tiene permisos para eliminar este registro.
